  pch.cpp
  SpellCheck.Test.cpp
C:\Users\Danny\source\repos\toaster-protocol\SpellCheck.Test\SpellCheck.Test.cpp(15,40): error C3861: 'test': identifier not found
  (compiling source file '/SpellCheck.Test.cpp')
  
C:\Users\Danny\source\repos\toaster-protocol\SpellCheck.Test\SpellCheck.Test.cpp(15,12): error C2661: 'Microsoft::VisualStudio::CppUnitTestFramework::Assert::AreEqual': no overloaded function takes 1 arguments
  (compiling source file '/SpellCheck.Test.cpp')
      C:\Program Files\Microsoft Visual Studio\18\Community\VC\Auxiliary\VS\UnitTest\include\CppUnitTestAssert.h(142,15):
      could be 'void Microsoft::VisualStudio::CppUnitTestFramework::Assert::AreEqual(const T &,const T &,const wchar_t *,const Microsoft::VisualStudio::CppUnitTestFramework::__LineInfo *)'
          C:\Users\Danny\source\repos\toaster-protocol\SpellCheck.Test\SpellCheck.Test.cpp(15,12):
          'void Microsoft::VisualStudio::CppUnitTestFramework::Assert::AreEqual(const T &,const T &,const wchar_t *,const Microsoft::VisualStudio::CppUnitTestFramework::__LineInfo *)': expects 4 arguments - 1 provided
      C:\Users\Danny\source\repos\toaster-protocol\SpellCheck.Test\SpellCheck.Test.cpp(15,12):
      while trying to match the argument list '(const char [16])'
  
